<?xml version="1.0" encoding="UTF-8"?>
<!-- Generated by org.testng.reporters.JUnitReportReporter -->
<testsuite hostname="Welcome" failures="0" tests="2" name="testNGBasics.TestNGReports" time="0.019" errors="0" timestamp="2023-03-07T00:47:34 IST" skipped="0">
  <testcase classname="testNGBasics.TestNGReports" name="TestA" time="0.003"/>
  <system-out>
Enter user name Enter pwd Click login btn  </system-out>
  <testcase classname="testNGBasics.TestNGReports" name="CreateOrder" time="0.016"/>
  <system-out>
Enter product name Enter qty Enter address Payment throuh credit cars  </system-out>
</testsuite> <!-- testNGBasics.TestNGReports -->
