<?xml version="1.0" encoding="UTF-8"?>
<!-- Generated by org.testng.reporters.JUnitReportReporter -->
<testsuite hostname="Welcome" failures="0" tests="2" name="TestNGbasics.testannonation" time="0.009" errors="0" timestamp="2023-03-21T11:03:54 IST" skipped="0">
  <testcase classname="TestNGbasics.testannonation" name="testA" time="0.002"/>
  <system-out/>
  <testcase classname="TestNGbasics.testannonation" name="testB" time="0.007"/>
  <system-out/>
</testsuite> <!-- TestNGbasics.testannonation -->
