<?xml version="1.0" encoding="UTF-8"?>
<!-- Generated by org.testng.reporters.JUnitReportReporter -->
<testsuite hostname="Welcome" failures="0" tests="2" name="TestNGReporterts.TestNGReports" time="0.015" errors="0" timestamp="2023-03-07T15:17:14 IST" skipped="0">
  <testcase classname="TestNGReporterts.TestNGReports" name="TestA" time="0.005"/>
  <system-out>
Enter user name Enter pwd Click login btn  </system-out>
  <testcase classname="TestNGReporterts.TestNGReports" name="CreateOrder" time="0.010"/>
  <system-out>
Enter product name Enter qty Enter address Payment throuh credit cars  </system-out>
</testsuite> <!-- TestNGReporterts.TestNGReports -->
