<?xml version="1.0" encoding="UTF-8"?>
<!-- Generated by org.testng.reporters.JUnitReportReporter -->
<testsuite hostname="Welcome" failures="0" tests="2" name="TestNGbasics.testannonation2" time="0.019" errors="0" timestamp="2023-03-21T11:03:54 IST" skipped="0">
  <testcase classname="TestNGbasics.testannonation2" name="testC" time="0.015"/>
  <system-out/>
  <testcase classname="TestNGbasics.testannonation2" name="testD" time="0.004"/>
  <system-out/>
</testsuite> <!-- TestNGbasics.testannonation2 -->
