<?xml version="1.0" encoding="UTF-8"?>
<!-- Generated by org.testng.reporters.JUnitReportReporter -->
<testsuite skipped="0" hostname="Welcome" name="TestNGbasics.testannonation" tests="2" failures="0" timestamp="2023-03-08T02:25:34 IST" time="0.012" errors="0">
  <testcase name="testA" time="0.010" classname="TestNGbasics.testannonation"/>
  <system-out/>
  <testcase name="testB" time="0.002" classname="TestNGbasics.testannonation"/>
  <system-out/>
</testsuite> <!-- TestNGbasics.testannonation -->
